  aim_assist.cpp
C:\Users\M1911\source\repos\KisakCOD\KisakCOD\src\universal\q_shared.h(552,29): warning C4359: 'trace_t': Alignment specifier is less than actual alignment (4), and will be ignored.
  (compiling source file 'src/aim_assist/aim_assist.cpp')
  
C:\Program Files (x86)\Windows Kits\10\Include\10.0.22621.0\shared\minwindef.h(204,9): warning C4005: 'LOWORD': macro redefinition
  (compiling source file 'src/aim_assist/aim_assist.cpp')
      C:\Users\M1911\source\repos\KisakCOD\KisakCOD\src\universal\q_shared.h(305,9):
      see previous definition of 'LOWORD'
  
C:\Program Files (x86)\Windows Kits\10\Include\10.0.22621.0\shared\minwindef.h(205,9): warning C4005: 'HIWORD': macro redefinition
  (compiling source file 'src/aim_assist/aim_assist.cpp')
      C:\Users\M1911\source\repos\KisakCOD\KisakCOD\src\universal\q_shared.h(308,9):
      see previous definition of 'HIWORD'
  
C:\Program Files (x86)\Windows Kits\10\Include\10.0.22621.0\shared\minwindef.h(206,9): warning C4005: 'LOBYTE': macro redefinition
  (compiling source file 'src/aim_assist/aim_assist.cpp')
      C:\Users\M1911\source\repos\KisakCOD\KisakCOD\src\universal\q_shared.h(304,9):
      see previous definition of 'LOBYTE'
  
C:\Program Files (x86)\Windows Kits\10\Include\10.0.22621.0\shared\minwindef.h(207,9): warning C4005: 'HIBYTE': macro redefinition
  (compiling source file 'src/aim_assist/aim_assist.cpp')
      C:\Users\M1911\source\repos\KisakCOD\KisakCOD\src\universal\q_shared.h(307,9):
      see previous definition of 'HIBYTE'
  
C:\Users\M1911\source\repos\KisakCOD\KisakCOD\src\gfx_d3d\r_material.h(169,29): warning C4359: 'MaterialInfo': Alignment specifier is less than actual alignment (8), and will be ignored.
  (compiling source file 'src/aim_assist/aim_assist.cpp')
  
C:\Users\M1911\source\repos\KisakCOD\KisakCOD\src\xanim\xanim.h(233,29): warning C4359: 'cbrushside_t': Alignment specifier is less than actual alignment (4), and will be ignored.
  (compiling source file 'src/aim_assist/aim_assist.cpp')
  
C:\Users\M1911\source\repos\KisakCOD\KisakCOD\src\bgame\bg_local.h(750,29): warning C4359: 'CEntVehicleInfo': Alignment specifier is less than actual alignment (4), and will be ignored.
  (compiling source file 'src/aim_assist/aim_assist.cpp')
  
C:\Users\M1911\source\repos\KisakCOD\KisakCOD\src\cgame_mp\cg_local_mp.h(30,29): warning C4359: 'usercmd_s': Alignment specifier is less than actual alignment (4), and will be ignored.
  (compiling source file 'src/aim_assist/aim_assist.cpp')
  
C:\Users\M1911\source\repos\KisakCOD\KisakCOD\src\client_mp\client_mp.h(367,29): warning C4359: 'VoicePacket_t': Alignment specifier is less than actual alignment (4), and will be ignored.
  (compiling source file 'src/aim_assist/aim_assist.cpp')
  
C:\Users\M1911\source\repos\KisakCOD\KisakCOD\src\aim_assist\aim_assist.cpp(211,9): warning C4305: 'argument': truncation from 'double' to 'float'
C:\Users\M1911\source\repos\KisakCOD\KisakCOD\src\aim_assist\aim_assist.cpp(227,9): warning C4305: 'argument': truncation from 'double' to 'float'
C:\Users\M1911\source\repos\KisakCOD\KisakCOD\src\aim_assist\aim_assist.cpp(304,9): warning C4305: 'argument': truncation from 'double' to 'float'
C:\Users\M1911\source\repos\KisakCOD\KisakCOD\src\aim_assist\aim_assist.cpp(312,9): warning C4305: 'argument': truncation from 'double' to 'float'
  aim_target_mp.cpp
C:\Users\M1911\source\repos\KisakCOD\KisakCOD\src\universal\q_shared.h(552,29): warning C4359: 'trace_t': Alignment specifier is less than actual alignment (4), and will be ignored.
  (compiling source file 'src/aim_assist/aim_target_mp.cpp')
  
C:\Program Files (x86)\Windows Kits\10\Include\10.0.22621.0\shared\minwindef.h(204,9): warning C4005: 'LOWORD': macro redefinition
  (compiling source file 'src/aim_assist/aim_target_mp.cpp')
      C:\Users\M1911\source\repos\KisakCOD\KisakCOD\src\universal\q_shared.h(305,9):
      see previous definition of 'LOWORD'
  
C:\Program Files (x86)\Windows Kits\10\Include\10.0.22621.0\shared\minwindef.h(205,9): warning C4005: 'HIWORD': macro redefinition
  (compiling source file 'src/aim_assist/aim_target_mp.cpp')
      C:\Users\M1911\source\repos\KisakCOD\KisakCOD\src\universal\q_shared.h(308,9):
      see previous definition of 'HIWORD'
  
C:\Program Files (x86)\Windows Kits\10\Include\10.0.22621.0\shared\minwindef.h(206,9): warning C4005: 'LOBYTE': macro redefinition
  (compiling source file 'src/aim_assist/aim_target_mp.cpp')
      C:\Users\M1911\source\repos\KisakCOD\KisakCOD\src\universal\q_shared.h(304,9):
      see previous definition of 'LOBYTE'
  
C:\Program Files (x86)\Windows Kits\10\Include\10.0.22621.0\shared\minwindef.h(207,9): warning C4005: 'HIBYTE': macro redefinition
  (compiling source file 'src/aim_assist/aim_target_mp.cpp')
      C:\Users\M1911\source\repos\KisakCOD\KisakCOD\src\universal\q_shared.h(307,9):
      see previous definition of 'HIBYTE'
  
C:\Users\M1911\source\repos\KisakCOD\KisakCOD\src\gfx_d3d\r_material.h(169,29): warning C4359: 'MaterialInfo': Alignment specifier is less than actual alignment (8), and will be ignored.
  (compiling source file 'src/aim_assist/aim_target_mp.cpp')
  
C:\Users\M1911\source\repos\KisakCOD\KisakCOD\src\xanim\xanim.h(233,29): warning C4359: 'cbrushside_t': Alignment specifier is less than actual alignment (4), and will be ignored.
  (compiling source file 'src/aim_assist/aim_target_mp.cpp')
  
C:\Users\M1911\source\repos\KisakCOD\KisakCOD\src\bgame\bg_local.h(750,29): warning C4359: 'CEntVehicleInfo': Alignment specifier is less than actual alignment (4), and will be ignored.
  (compiling source file 'src/aim_assist/aim_target_mp.cpp')
  
C:\Users\M1911\source\repos\KisakCOD\KisakCOD\src\client_mp\client_mp.h(126,15): error C2079: 'clientActive_t::cmds' uses undefined struct 'usercmd_s'
  (compiling source file 'src/aim_assist/aim_target_mp.cpp')
  
C:\Users\M1911\source\repos\KisakCOD\KisakCOD\src\client_mp\client_mp.h(136,19): error C2079: 'clientActive_t::parseClients' uses undefined struct 'clientState_s'
  (compiling source file 'src/aim_assist/aim_target_mp.cpp')
  
C:\Users\M1911\source\repos\KisakCOD\KisakCOD\src\client_mp\client_mp.h(367,29): warning C4359: 'VoicePacket_t': Alignment specifier is less than actual alignment (4), and will be ignored.
  (compiling source file 'src/aim_assist/aim_target_mp.cpp')
  
C:\Users\M1911\source\repos\KisakCOD\KisakCOD\src\cgame_mp\cg_local_mp.h(30,29): warning C4359: 'usercmd_s': Alignment specifier is less than actual alignment (4), and will be ignored.
  (compiling source file 'src/aim_assist/aim_target_mp.cpp')
  
C:\Users\M1911\source\repos\KisakCOD\KisakCOD\src\EffectsCore\fx_system.h(720,5): error C4430: missing type specifier - int assumed. Note: C++ does not support default-int
  (compiling source file 'src/aim_assist/aim_target_mp.cpp')
  
C:\Users\M1911\source\repos\KisakCOD\KisakCOD\src\EffectsCore\fx_system.h(720,19): error C2143: syntax error: missing ',' before '*'
  (compiling source file 'src/aim_assist/aim_target_mp.cpp')
  
C:\Users\M1911\source\repos\KisakCOD\KisakCOD\src\aim_assist\aim_target_mp.cpp(102,110): error C2109: subscript requires array or pointer type
C:\Users\M1911\source\repos\KisakCOD\KisakCOD\src\aim_assist\aim_target_mp.cpp(116,5): error C2059: syntax error: '}'
C:\Users\M1911\source\repos\KisakCOD\KisakCOD\src\aim_assist\aim_target_mp.cpp(180,115): error C2109: subscript requires array or pointer type
C:\Users\M1911\source\repos\KisakCOD\KisakCOD\src\aim_assist\aim_target_mp.cpp(240,116): error C2109: subscript requires array or pointer type
C:\Users\M1911\source\repos\KisakCOD\KisakCOD\src\aim_assist\aim_target_mp.cpp(285,17): warning C4305: '=': truncation from 'double' to 'float'
C:\Users\M1911\source\repos\KisakCOD\KisakCOD\src\aim_assist\aim_target_mp.cpp(299,116): error C2109: subscript requires array or pointer type
  bg_animation_mp.cpp
C:\Users\M1911\source\repos\KisakCOD\KisakCOD\src\universal\q_shared.h(552,29): warning C4359: 'trace_t': Alignment specifier is less than actual alignment (4), and will be ignored.
  (compiling source file 'src/bgame/bg_animation_mp.cpp')
  
C:\Program Files (x86)\Windows Kits\10\Include\10.0.22621.0\shared\minwindef.h(204,9): warning C4005: 'LOWORD': macro redefinition
  (compiling source file 'src/bgame/bg_animation_mp.cpp')
      C:\Users\M1911\source\repos\KisakCOD\KisakCOD\src\universal\q_shared.h(305,9):
      see previous definition of 'LOWORD'
  
C:\Program Files (x86)\Windows Kits\10\Include\10.0.22621.0\shared\minwindef.h(205,9): warning C4005: 'HIWORD': macro redefinition
  (compiling source file 'src/bgame/bg_animation_mp.cpp')
      C:\Users\M1911\source\repos\KisakCOD\KisakCOD\src\universal\q_shared.h(308,9):
      see previous definition of 'HIWORD'
  
C:\Program Files (x86)\Windows Kits\10\Include\10.0.22621.0\shared\minwindef.h(206,9): warning C4005: 'LOBYTE': macro redefinition
  (compiling source file 'src/bgame/bg_animation_mp.cpp')
      C:\Users\M1911\source\repos\KisakCOD\KisakCOD\src\universal\q_shared.h(304,9):
      see previous definition of 'LOBYTE'
  
C:\Program Files (x86)\Windows Kits\10\Include\10.0.22621.0\shared\minwindef.h(207,9): warning C4005: 'HIBYTE': macro redefinition
  (compiling source file 'src/bgame/bg_animation_mp.cpp')
      C:\Users\M1911\source\repos\KisakCOD\KisakCOD\src\universal\q_shared.h(307,9):
      see previous definition of 'HIBYTE'
  
C:\Users\M1911\source\repos\KisakCOD\KisakCOD\src\gfx_d3d\r_material.h(169,29): warning C4359: 'MaterialInfo': Alignment specifier is less than actual alignment (8), and will be ignored.
  (compiling source file 'src/bgame/bg_animation_mp.cpp')
  
C:\Users\M1911\source\repos\KisakCOD\KisakCOD\src\xanim\xanim.h(233,29): warning C4359: 'cbrushside_t': Alignment specifier is less than actual alignment (4), and will be ignored.
  (compiling source file 'src/bgame/bg_animation_mp.cpp')
  
C:\Users\M1911\source\repos\KisakCOD\KisakCOD\src\bgame\bg_local.h(750,29): warning C4359: 'CEntVehicleInfo': Alignment specifier is less than actual alignment (4), and will be ignored.
  (compiling source file 'src/bgame/bg_animation_mp.cpp')
  
C:\Users\M1911\source\repos\KisakCOD\KisakCOD\src\cgame_mp\cg_local_mp.h(30,29): warning C4359: 'usercmd_s': Alignment specifier is less than actual alignment (4), and will be ignored.
  (compiling source file 'src/bgame/bg_animation_mp.cpp')
  
C:\Users\M1911\source\repos\KisakCOD\KisakCOD\src\client_mp\client_mp.h(367,29): warning C4359: 'VoicePacket_t': Alignment specifier is less than actual alignment (4), and will be ignored.
  (compiling source file 'src/bgame/bg_animation_mp.cpp')
  
C:\Users\M1911\source\repos\KisakCOD\KisakCOD\src\game_mp\g_main_mp.h(63,8): error C2011: 'com_parse_mark_t': 'struct' type redefinition
  (compiling source file 'src/bgame/bg_animation_mp.cpp')
      C:\Users\M1911\source\repos\KisakCOD\KisakCOD\src\universal\q_parse.h(30,8):
      see declaration of 'com_parse_mark_t'
  
C:\Users\M1911\source\repos\KisakCOD\KisakCOD\src\game_mp\g_main_mp.h(133,22): error C2079: 'level_locals_t::currentScriptIOLineMark' uses undefined struct 'com_parse_mark_t'
  (compiling source file 'src/bgame/bg_animation_mp.cpp')
  
C:\Users\M1911\source\repos\KisakCOD\KisakCOD\src\bgame\bg_animation_mp.cpp(64,5): error C4996: '_vsnprintf': This function or variable may be unsafe. Consider using _vsnprintf_s instead. To disable deprecation, use _CRT_SECURE_NO_WARNINGS. See online help for details.
C:\Users\M1911\source\repos\KisakCOD\KisakCOD\src\bgame\bg_animation_mp.cpp(1613,42): warning C4305: '=': truncation from 'double' to 'float'
C:\Users\M1911\source\repos\KisakCOD\KisakCOD\src\bgame\bg_animation_mp.cpp(1768,21): error C2664: 'void XAnimSetTime(__int64,float)': cannot convert argument 1 from 'XAnimTree_s *' to '__int64'
      C:\Users\M1911\source\repos\KisakCOD\KisakCOD\src\bgame\bg_animation_mp.cpp(1768,34):
      There is no context in which this conversion is possible
      C:\Users\M1911\source\repos\KisakCOD\KisakCOD\src\xanim\xanim.h(1644,14):
      see declaration of 'XAnimSetTime'
      C:\Users\M1911\source\repos\KisakCOD\KisakCOD\src\bgame\bg_animation_mp.cpp(1768,21):
      while trying to match the argument list '(XAnimTree_s *, double)'
  
C:\Users\M1911\source\repos\KisakCOD\KisakCOD\src\bgame\bg_animation_mp.cpp(1777,21): error C2664: 'void XAnimSetTime(__int64,float)': cannot convert argument 1 from 'XAnimTree_s *' to '__int64'
      C:\Users\M1911\source\repos\KisakCOD\KisakCOD\src\bgame\bg_animation_mp.cpp(1777,34):
      There is no context in which this conversion is possible
      C:\Users\M1911\source\repos\KisakCOD\KisakCOD\src\xanim\xanim.h(1644,14):
      see declaration of 'XAnimSetTime'
      C:\Users\M1911\source\repos\KisakCOD\KisakCOD\src\bgame\bg_animation_mp.cpp(1777,21):
      while trying to match the argument list '(XAnimTree_s *, float)'
  
C:\Users\M1911\source\repos\KisakCOD\KisakCOD\src\bgame\bg_animation_mp.cpp(1784,79): warning C4305: 'argument': truncation from 'double' to 'float'
C:\Users\M1911\source\repos\KisakCOD\KisakCOD\src\bgame\bg_animation_mp.cpp(1969,40): warning C4305: 'argument': truncation from 'double' to 'float'
C:\Users\M1911\source\repos\KisakCOD\KisakCOD\src\bgame\bg_animation_mp.cpp(1978,41): warning C4305: 'argument': truncation from 'double' to 'float'
C:\Users\M1911\source\repos\KisakCOD\KisakCOD\src\bgame\bg_animation_mp.cpp(2154,17): error C2079: 'dobjModels' uses undefined struct 'DObjModel_s'
C:\Users\M1911\source\repos\KisakCOD\KisakCOD\src\bgame\bg_animation_mp.cpp(2177,17): error C2109: subscript requires array or pointer type
C:\Users\M1911\source\repos\KisakCOD\KisakCOD\src\bgame\bg_animation_mp.cpp(2178,22): error C2109: subscript requires array or pointer type
C:\Users\M1911\source\repos\KisakCOD\KisakCOD\src\bgame\bg_animation_mp.cpp(2180,17): error C2109: subscript requires array or pointer type
C:\Users\M1911\source\repos\KisakCOD\KisakCOD\src\bgame\bg_animation_mp.cpp(2181,17): error C2109: subscript requires array or pointer type
C:\Users\M1911\source\repos\KisakCOD\KisakCOD\src\bgame\bg_animation_mp.cpp(2186,40): error C2664: 'unsigned short (DObjModel_s *,unsigned short,clientInfo_t *)': cannot convert argument 1 from 'int' to 'DObjModel_s *'
      C:\Users\M1911\source\repos\KisakCOD\KisakCOD\src\bgame\bg_animation_mp.cpp(2186,40):
      Conversion from integral type to pointer type requires reinterpret_cast, C-style cast or parenthesized function-style cast
  
C:\Users\M1911\source\repos\KisakCOD\KisakCOD\src\bgame\bg_animation_mp.cpp(2191,30): error C2109: subscript requires array or pointer type
C:\Users\M1911\source\repos\KisakCOD\KisakCOD\src\bgame\bg_animation_mp.cpp(2192,35): error C2109: subscript requires array or pointer type
C:\Users\M1911\source\repos\KisakCOD\KisakCOD\src\bgame\bg_animation_mp.cpp(2194,30): error C2109: subscript requires array or pointer type
C:\Users\M1911\source\repos\KisakCOD\KisakCOD\src\bgame\bg_animation_mp.cpp(2195,32): error C2109: subscript requires array or pointer type
C:\Users\M1911\source\repos\KisakCOD\KisakCOD\src\bgame\bg_animation_mp.cpp(2197,21): error C2664: 'void (DObjModel_s *,unsigned short,XAnimTree_s *,int,int,clientInfo_t *)': cannot convert argument 1 from 'int' to 'DObjModel_s *'
      C:\Users\M1911\source\repos\KisakCOD\KisakCOD\src\bgame\bg_animation_mp.cpp(2197,21):
      Conversion from integral type to pointer type requires reinterpret_cast, C-style cast or parenthesized function-style cast
  
C:\Users\M1911\source\repos\KisakCOD\KisakCOD\src\bgame\bg_animation_mp.cpp(2203,5): error C2065: 'LargeLocal': undeclared identifier
C:\Users\M1911\source\repos\KisakCOD\KisakCOD\src\bgame\bg_animation_mp.cpp(2203,16): error C2146: syntax error: missing ';' before identifier 'playerAnims_large_local'
C:\Users\M1911\source\repos\KisakCOD\KisakCOD\src\bgame\bg_animation_mp.cpp(2203,16): error C2065: 'playerAnims_large_local': undeclared identifier
C:\Users\M1911\source\repos\KisakCOD\KisakCOD\src\bgame\bg_animation_mp.cpp(2207,5): error C2653: 'LargeLocal': is not a class or namespace name
C:\Users\M1911\source\repos\KisakCOD\KisakCOD\src\bgame\bg_animation_mp.cpp(2207,29): error C2065: 'playerAnims_large_local': undeclared identifier
C:\Users\M1911\source\repos\KisakCOD\KisakCOD\src\bgame\bg_animation_mp.cpp(2207,17): error C3861: 'LargeLocal': identifier not found
C:\Users\M1911\source\repos\KisakCOD\KisakCOD\src\bgame\bg_animation_mp.cpp(2208,39): error C2653: 'LargeLocal': is not a class or namespace name
C:\Users\M1911\source\repos\KisakCOD\KisakCOD\src\bgame\bg_animation_mp.cpp(2208,59): error C2065: 'playerAnims_large_local': undeclared identifier
C:\Users\M1911\source\repos\KisakCOD\KisakCOD\src\bgame\bg_animation_mp.cpp(2208,51): error C3861: 'GetBuf': identifier not found
C:\Users\M1911\source\repos\KisakCOD\KisakCOD\src\bgame\bg_animation_mp.cpp(2215,5): error C3861: 'Scr_PrecacheAnimTrees': identifier not found
C:\Users\M1911\source\repos\KisakCOD\KisakCOD\src\bgame\bg_animation_mp.cpp(2217,5): error C3861: 'Scr_EndLoadAnimTrees': identifier not found
C:\Users\M1911\source\repos\KisakCOD\KisakCOD\src\bgame\bg_animation_mp.cpp(2219,5): error C2653: 'LargeLocal': is not a class or namespace name
C:\Users\M1911\source\repos\KisakCOD\KisakCOD\src\bgame\bg_animation_mp.cpp(2219,30): error C2065: 'playerAnims_large_local': undeclared identifier
C:\Users\M1911\source\repos\KisakCOD\KisakCOD\src\bgame\bg_animation_mp.cpp(2219,18): error C3861: '{dtor}': identifier not found
C:\Users\M1911\source\repos\KisakCOD\KisakCOD\src\bgame\bg_animation_mp.cpp(2298,29): error C2665: 'strstr': no overloaded function could convert all the argument types
      C:\Users\M1911\source\repos\KisakCOD\KisakCOD\src\bgame\bg_local.h(1292,14):
      could be 'void strstr(unsigned char *,unsigned char *)'
          C:\Users\M1911\source\repos\KisakCOD\KisakCOD\src\bgame\bg_animation_mp.cpp(2298,29):
          'void strstr(unsigned char *,unsigned char *)': cannot convert argument 2 from 'const char [7]' to 'unsigned char *'
              C:\Users\M1911\source\repos\KisakCOD\KisakCOD\src\bgame\bg_animation_mp.cpp(2298,66):
              Types pointed to are unrelated; conversion requires reinterpret_cast, C-style cast or parenthesized function-style cast
      C:\Program Files (x86)\Windows Kits\10\Include\10.0.22621.0\ucrt\string.h(518,28):
      or       'char *strstr(char *const ,const char *const )'
          C:\Users\M1911\source\repos\KisakCOD\KisakCOD\src\bgame\bg_animation_mp.cpp(2298,29):
          'char *strstr(char *const ,const char *const )': cannot convert argument 1 from 'unsigned char *' to 'char *const '
              C:\Users\M1911\source\repos\KisakCOD\KisakCOD\src\bgame\bg_animation_mp.cpp(2298,55):
              Types pointed to are unrelated; conversion requires reinterpret_cast, C-style cast or parenthesized function-style cast
      C:\Program Files\Microsoft Visual Studio\2022\Community\VC\Tools\MSVC\14.43.34808\include\vcruntime_string.h(82,38):
      or       'const char *strstr(const char *,const char *)'
          C:\Users\M1911\source\repos\KisakCOD\KisakCOD\src\bgame\bg_animation_mp.cpp(2298,29):
          'const char *strstr(const char *,const char *)': cannot convert argument 1 from 'unsigned char *' to 'const char *'
              C:\Users\M1911\source\repos\KisakCOD\KisakCOD\src\bgame\bg_animation_mp.cpp(2298,55):
              Types pointed to are unrelated; conversion requires reinterpret_cast, C-style cast or parenthesized function-style cast
      C:\Users\M1911\source\repos\KisakCOD\KisakCOD\src\bgame\bg_animation_mp.cpp(2298,29):
      while trying to match the argument list '(unsigned char *, const char [7])'
  
C:\Users\M1911\source\repos\KisakCOD\KisakCOD\src\bgame\bg_animation_mp.cpp(2302,44): error C2440: '=': cannot convert from 'const char [7]' to 'char *'
      C:\Users\M1911\source\repos\KisakCOD\KisakCOD\src\bgame\bg_animation_mp.cpp(2302,44):
      Conversion from string literal loses const qualifier (see /Zc:strictStrings)
  
C:\Users\M1911\source\repos\KisakCOD\KisakCOD\src\bgame\bg_animation_mp.cpp(2306,33): error C2665: 'strstr': no overloaded function could convert all the argument types
      C:\Users\M1911\source\repos\KisakCOD\KisakCOD\src\bgame\bg_local.h(1292,14):
      could be 'void strstr(unsigned char *,unsigned char *)'
          C:\Users\M1911\source\repos\KisakCOD\KisakCOD\src\bgame\bg_animation_mp.cpp(2306,33):
          'void strstr(unsigned char *,unsigned char *)': cannot convert argument 2 from 'const char [6]' to 'unsigned char *'
              C:\Users\M1911\source\repos\KisakCOD\KisakCOD\src\bgame\bg_animation_mp.cpp(2306,70):
              Types pointed to are unrelated; conversion requires reinterpret_cast, C-style cast or parenthesized function-style cast
      C:\Program Files (x86)\Windows Kits\10\Include\10.0.22621.0\ucrt\string.h(518,28):
      or       'char *strstr(char *const ,const char *const )'
          C:\Users\M1911\source\repos\KisakCOD\KisakCOD\src\bgame\bg_animation_mp.cpp(2306,33):
          'char *strstr(char *const ,const char *const )': cannot convert argument 1 from 'unsigned char *' to 'char *const '
              C:\Users\M1911\source\repos\KisakCOD\KisakCOD\src\bgame\bg_animation_mp.cpp(2306,59):
              Types pointed to are unrelated; conversion requires reinterpret_cast, C-style cast or parenthesized function-style cast
      C:\Program Files\Microsoft Visual Studio\2022\Community\VC\Tools\MSVC\14.43.34808\include\vcruntime_string.h(82,38):
      or       'const char *strstr(const char *,const char *)'
          C:\Users\M1911\source\repos\KisakCOD\KisakCOD\src\bgame\bg_animation_mp.cpp(2306,33):
          'const char *strstr(const char *,const char *)': cannot convert argument 1 from 'unsigned char *' to 'const char *'
              C:\Users\M1911\source\repos\KisakCOD\KisakCOD\src\bgame\bg_animation_mp.cpp(2306,59):
              Types pointed to are unrelated; conversion requires reinterpret_cast, C-style cast or parenthesized function-style cast
      C:\Users\M1911\source\repos\KisakCOD\KisakCOD\src\bgame\bg_animation_mp.cpp(2306,33):
      while trying to match the argument list '(unsigned char *, const char [6])'
  
C:\Users\M1911\source\repos\KisakCOD\KisakCOD\src\bgame\bg_animation_mp.cpp(2310,48): error C2440: '=': cannot convert from 'const char [6]' to 'char *'
      C:\Users\M1911\source\repos\KisakCOD\KisakCOD\src\bgame\bg_animation_mp.cpp(2310,48):
      Conversion from string literal loses const qualifier (see /Zc:strictStrings)
  
C:\Users\M1911\source\repos\KisakCOD\KisakCOD\src\bgame\bg_animation_mp.cpp(2314,37): error C2665: 'strstr': no overloaded function could convert all the argument types
      C:\Users\M1911\source\repos\KisakCOD\KisakCOD\src\bgame\bg_local.h(1292,14):
      could be 'void strstr(unsigned char *,unsigned char *)'
          C:\Users\M1911\source\repos\KisakCOD\KisakCOD\src\bgame\bg_animation_mp.cpp(2314,37):
          'void strstr(unsigned char *,unsigned char *)': cannot convert argument 2 from 'const char [5]' to 'unsigned char *'
              C:\Users\M1911\source\repos\KisakCOD\KisakCOD\src\bgame\bg_animation_mp.cpp(2314,74):
              Types pointed to are unrelated; conversion requires reinterpret_cast, C-style cast or parenthesized function-style cast
      C:\Program Files (x86)\Windows Kits\10\Include\10.0.22621.0\ucrt\string.h(518,28):
      or       'char *strstr(char *const ,const char *const )'
          C:\Users\M1911\source\repos\KisakCOD\KisakCOD\src\bgame\bg_animation_mp.cpp(2314,37):
          'char *strstr(char *const ,const char *const )': cannot convert argument 1 from 'unsigned char *' to 'char *const '
              C:\Users\M1911\source\repos\KisakCOD\KisakCOD\src\bgame\bg_animation_mp.cpp(2314,63):
              Types pointed to are unrelated; conversion requires reinterpret_cast, C-style cast or parenthesized function-style cast
      C:\Program Files\Microsoft Visual Studio\2022\Community\VC\Tools\MSVC\14.43.34808\include\vcruntime_string.h(82,38):
      or       'const char *strstr(const char *,const char *)'
          C:\Users\M1911\source\repos\KisakCOD\KisakCOD\src\bgame\bg_animation_mp.cpp(2314,37):
          'const char *strstr(const char *,const char *)': cannot convert argument 1 from 'unsigned char *' to 'const char *'
              C:\Users\M1911\source\repos\KisakCOD\KisakCOD\src\bgame\bg_animation_mp.cpp(2314,63):
              Types pointed to are unrelated; conversion requires reinterpret_cast, C-style cast or parenthesized function-style cast
      C:\Users\M1911\source\repos\KisakCOD\KisakCOD\src\bgame\bg_animation_mp.cpp(2314,37):
      while trying to match the argument list '(unsigned char *, const char [5])'
  
C:\Users\M1911\source\repos\KisakCOD\KisakCOD\src\bgame\bg_animation_mp.cpp(2318,52): error C2440: '=': cannot convert from 'const char [5]' to 'char *'
      C:\Users\M1911\source\repos\KisakCOD\KisakCOD\src\bgame\bg_animation_mp.cpp(2318,52):
      Conversion from string literal loses const qualifier (see /Zc:strictStrings)
  
C:\Users\M1911\source\repos\KisakCOD\KisakCOD\src\bgame\bg_animation_mp.cpp(2322,41): error C2665: 'strstr': no overloaded function could convert all the argument types
      C:\Users\M1911\source\repos\KisakCOD\KisakCOD\src\bgame\bg_local.h(1292,14):
      could be 'void strstr(unsigned char *,unsigned char *)'
          C:\Users\M1911\source\repos\KisakCOD\KisakCOD\src\bgame\bg_animation_mp.cpp(2322,41):
          'void strstr(unsigned char *,unsigned char *)': cannot convert argument 2 from 'const char [5]' to 'unsigned char *'
              C:\Users\M1911\source\repos\KisakCOD\KisakCOD\src\bgame\bg_animation_mp.cpp(2322,78):
              Types pointed to are unrelated; conversion requires reinterpret_cast, C-style cast or parenthesized function-style cast
      C:\Program Files (x86)\Windows Kits\10\Include\10.0.22621.0\ucrt\string.h(518,28):
      or       'char *strstr(char *const ,const char *const )'
          C:\Users\M1911\source\repos\KisakCOD\KisakCOD\src\bgame\bg_animation_mp.cpp(2322,41):
          'char *strstr(char *const ,const char *const )': cannot convert argument 1 from 'unsigned char *' to 'char *const '
              C:\Users\M1911\source\repos\KisakCOD\KisakCOD\src\bgame\bg_animation_mp.cpp(2322,67):
              Types pointed to are unrelated; conversion requires reinterpret_cast, C-style cast or parenthesized function-style cast
      C:\Program Files\Microsoft Visual Studio\2022\Community\VC\Tools\MSVC\14.43.34808\include\vcruntime_string.h(82,38):
      or       'const char *strstr(const char *,const char *)'
          C:\Users\M1911\source\repos\KisakCOD\KisakCOD\src\bgame\bg_animation_mp.cpp(2322,41):
          'const char *strstr(const char *,const char *)': cannot convert argument 1 from 'unsigned char *' to 'const char *'
              C:\Users\M1911\source\repos\KisakCOD\KisakCOD\src\bgame\bg_animation_mp.cpp(2322,67):
              Types pointed to are unrelated; conversion requires reinterpret_cast, C-style cast or parenthesized function-style cast
      C:\Users\M1911\source\repos\KisakCOD\KisakCOD\src\bgame\bg_animation_mp.cpp(2322,41):
      while trying to match the argument list '(unsigned char *, const char [5])'
  
C:\Users\M1911\source\repos\KisakCOD\KisakCOD\src\bgame\bg_animation_mp.cpp(2326,56): error C2440: '=': cannot convert from 'const char [7]' to 'char *'
      C:\Users\M1911\source\repos\KisakCOD\KisakCOD\src\bgame\bg_animation_mp.cpp(2326,56):
      Conversion from string literal loses const qualifier (see /Zc:strictStrings)
  
C:\Users\M1911\source\repos\KisakCOD\KisakCOD\src\bgame\bg_animation_mp.cpp(2331,56): error C2440: '=': cannot convert from 'const char [4]' to 'char *'
      C:\Users\M1911\source\repos\KisakCOD\KisakCOD\src\bgame\bg_animation_mp.cpp(2331,56):
      Conversion from string literal loses const qualifier (see /Zc:strictStrings)
  
C:\Users\M1911\source\repos\KisakCOD\KisakCOD\src\bgame\bg_animation_mp.cpp(2397,30): error C2065: 'byte_8581E4': undeclared identifier
C:\Users\M1911\source\repos\KisakCOD\KisakCOD\src\bgame\bg_animation_mp.cpp(2451,5): error C2065: 'animScriptParseMode_t': undeclared identifier
C:\Users\M1911\source\repos\KisakCOD\KisakCOD\src\bgame\bg_animation_mp.cpp(2451,27): error C2146: syntax error: missing ';' before identifier 'newParseMode'
C:\Users\M1911\source\repos\KisakCOD\KisakCOD\src\bgame\bg_animation_mp.cpp(2451,27): error C2065: 'newParseMode': undeclared identifier
C:\Users\M1911\source\repos\KisakCOD\KisakCOD\src\bgame\bg_animation_mp.cpp(2460,5): error C2065: 'animScriptParseMode_t': undeclared identifier
C:\Users\M1911\source\repos\KisakCOD\KisakCOD\src\bgame\bg_animation_mp.cpp(2460,27): error C2146: syntax error: missing ';' before identifier 'parseMode'
C:\Users\M1911\source\repos\KisakCOD\KisakCOD\src\bgame\bg_animation_mp.cpp(2460,27): error C2065: 'parseMode': undeclared identifier
C:\Users\M1911\source\repos\KisakCOD\KisakCOD\src\bgame\bg_animation_mp.cpp(2468,30): error C2065: 'byte_858554': undeclared identifier
C:\Users\M1911\source\repos\KisakCOD\KisakCOD\src\bgame\bg_animation_mp.cpp(2472,5): error C2065: 'parseMode': undeclared identifier
C:\Users\M1911\source\repos\KisakCOD\KisakCOD\src\bgame\bg_animation_mp.cpp(2472,17): error C2065: 'PARSEMODE_DEFINES': undeclared identifier
C:\Users\M1911\source\repos\KisakCOD\KisakCOD\src\bgame\bg_animation_mp.cpp(2486,5): error C2065: 'defineStringsOffset': undeclared identifier
C:\Users\M1911\source\repos\KisakCOD\KisakCOD\src\bgame\bg_animation_mp.cpp(2498,9): error C2065: 'newParseMode': undeclared identifier
C:\Users\M1911\source\repos\KisakCOD\KisakCOD\src\bgame\bg_animation_mp.cpp(2498,49): error C2065: 'animParseModesStr': undeclared identifier
C:\Users\M1911\source\repos\KisakCOD\KisakCOD\src\bgame\bg_animation_mp.cpp(2499,13): error C2065: 'newParseMode': undeclared identifier
C:\Users\M1911\source\repos\KisakCOD\KisakCOD\src\bgame\bg_animation_mp.cpp(2499,28): error C2065: 'PARSEMODE_DEFINES': undeclared identifier
C:\Users\M1911\source\repos\KisakCOD\KisakCOD\src\bgame\bg_animation_mp.cpp(2501,21): error C2065: 'parseMode': undeclared identifier
C:\Users\M1911\source\repos\KisakCOD\KisakCOD\src\bgame\bg_animation_mp.cpp(2501,21): error C2050: switch expression not integral
C:\Users\M1911\source\repos\KisakCOD\KisakCOD\src\bgame\bg_animation_mp.cpp(2503,18): error C2065: 'PARSEMODE_DEFINES': undeclared identifier
C:\Users\M1911\source\repos\KisakCOD\KisakCOD\src\bgame\bg_animation_mp.cpp(2503,18): error C2131: expression did not evaluate to a constant
      C:\Users\M1911\source\repos\KisakCOD\KisakCOD\src\bgame\bg_animation_mp.cpp(2503,18):
      a non-constant (sub-)expression was encountered
  
C:\Users\M1911\source\repos\KisakCOD\KisakCOD\src\bgame\bg_animation_mp.cpp(2515,82): error C2065: 'defineStringsOffset': undeclared identifier
C:\Users\M1911\source\repos\KisakCOD\KisakCOD\src\bgame\bg_animation_mp.cpp(2532,18): error C2065: 'PARSEMODE_ANIMATION': undeclared identifier
C:\Users\M1911\source\repos\KisakCOD\KisakCOD\src\bgame\bg_animation_mp.cpp(2532,18): error C2131: expression did not evaluate to a constant
      C:\Users\M1911\source\repos\KisakCOD\KisakCOD\src\bgame\bg_animation_mp.cpp(2532,18):
      a non-constant (sub-)expression was encountered
  
C:\Users\M1911\source\repos\KisakCOD\KisakCOD\src\bgame\bg_animation_mp.cpp(2533,18): error C2065: 'PARSEMODE_CANNED_ANIMATIONS': undeclared identifier
C:\Users\M1911\source\repos\KisakCOD\KisakCOD\src\bgame\bg_animation_mp.cpp(2533,18): error C2131: expression did not evaluate to a constant
      C:\Users\M1911\source\repos\KisakCOD\KisakCOD\src\bgame\bg_animation_mp.cpp(2533,18):
      a non-constant (sub-)expression was encountered
  
C:\Users\M1911\source\repos\KisakCOD\KisakCOD\src\bgame\bg_animation_mp.cpp(2544,37): error C2065: 'parseMode': undeclared identifier
C:\Users\M1911\source\repos\KisakCOD\KisakCOD\src\bgame\bg_animation_mp.cpp(2544,50): error C2065: 'PARSEMODE_ANIMATION': undeclared identifier
C:\Users\M1911\source\repos\KisakCOD\KisakCOD\src\bgame\bg_animation_mp.cpp(2547,62): error C2440: '=': cannot convert from 'int' to 'scriptAnimMoveTypes_t'
      C:\Users\M1911\source\repos\KisakCOD\KisakCOD\src\bgame\bg_animation_mp.cpp(2547,62):
      Conversion to enumeration type requires an explicit cast (static_cast, C-style cast or parenthesized function-style cast)
  
C:\Users\M1911\source\repos\KisakCOD\KisakCOD\src\bgame\bg_animation_mp.cpp(2549,42): error C2065: 'parseMode': undeclared identifier
C:\Users\M1911\source\repos\KisakCOD\KisakCOD\src\bgame\bg_animation_mp.cpp(2549,55): error C2065: 'PARSEMODE_CANNED_ANIMATIONS': undeclared identifier
C:\Users\M1911\source\repos\KisakCOD\KisakCOD\src\bgame\bg_animation_mp.cpp(2606,18): error C2065: 'PARSEMODE_STATECHANGES': undeclared identifier
C:\Users\M1911\source\repos\KisakCOD\KisakCOD\src\bgame\bg_animation_mp.cpp(2606,18): error C2131: expression did not evaluate to a constant
      C:\Users\M1911\source\repos\KisakCOD\KisakCOD\src\bgame\bg_animation_mp.cpp(2606,18):
      a non-constant (sub-)expression was encountered
  
C:\Users\M1911\source\repos\KisakCOD\KisakCOD\src\bgame\bg_animation_mp.cpp(2607,18): error C2065: 'PARSEMODE_EVENTS': undeclared identifier
C:\Users\M1911\source\repos\KisakCOD\KisakCOD\src\bgame\bg_animation_mp.cpp(2607,18): error C2131: expression did not evaluate to a constant
      C:\Users\M1911\source\repos\KisakCOD\KisakCOD\src\bgame\bg_animation_mp.cpp(2607,18):
      a non-constant (sub-)expression was encountered
  
C:\Users\M1911\source\repos\KisakCOD\KisakCOD\src\bgame\bg_animation_mp.cpp(2647,33): error C2065: 'parseMode': undeclared identifier
C:\Users\M1911\source\repos\KisakCOD\KisakCOD\src\bgame\bg_animation_mp.cpp(2647,46): error C2065: 'PARSEMODE_STATECHANGES': undeclared identifier
C:\Users\M1911\source\repos\KisakCOD\KisakCOD\src\bgame\bg_animation_mp.cpp(2703,13): error C2065: 'parseMode': undeclared identifier
C:\Users\M1911\source\repos\KisakCOD\KisakCOD\src\bgame\bg_animation_mp.cpp(2703,25): error C2065: 'newParseMode': undeclared identifier
C:\Users\M1911\source\repos\KisakCOD\KisakCOD\src\bgame\bg_animation_mp.cpp(2777,48): error C3892: 'token': you cannot assign to a variable that is const
C:\Users\M1911\source\repos\KisakCOD\KisakCOD\src\bgame\bg_animation_mp.cpp(2882,48): error C3892: 'token': you cannot assign to a variable that is const
C:\Users\M1911\source\repos\KisakCOD\KisakCOD\src\bgame\bg_animation_mp.cpp(2935,30): error C2065: 'byte_8586B0': undeclared identifier
C:\Users\M1911\source\repos\KisakCOD\KisakCOD\src\bgame\bg_animation_mp.cpp(2955,13): error C3861: 'JUMPOUT': identifier not found
  bg_jump.cpp
C:\Users\M1911\source\repos\KisakCOD\KisakCOD\src\universal\q_shared.h(552,29): warning C4359: 'trace_t': Alignment specifier is less than actual alignment (4), and will be ignored.
  (compiling source file 'src/bgame/bg_jump.cpp')
  
C:\Program Files (x86)\Windows Kits\10\Include\10.0.22621.0\shared\minwindef.h(204,9): warning C4005: 'LOWORD': macro redefinition
  (compiling source file 'src/bgame/bg_jump.cpp')
      C:\Users\M1911\source\repos\KisakCOD\KisakCOD\src\universal\q_shared.h(305,9):
      see previous definition of 'LOWORD'
  
C:\Program Files (x86)\Windows Kits\10\Include\10.0.22621.0\shared\minwindef.h(205,9): warning C4005: 'HIWORD': macro redefinition
  (compiling source file 'src/bgame/bg_jump.cpp')
      C:\Users\M1911\source\repos\KisakCOD\KisakCOD\src\universal\q_shared.h(308,9):
      see previous definition of 'HIWORD'
  
C:\Program Files (x86)\Windows Kits\10\Include\10.0.22621.0\shared\minwindef.h(206,9): warning C4005: 'LOBYTE': macro redefinition
  (compiling source file 'src/bgame/bg_jump.cpp')
      C:\Users\M1911\source\repos\KisakCOD\KisakCOD\src\universal\q_shared.h(304,9):
      see previous definition of 'LOBYTE'
  
C:\Program Files (x86)\Windows Kits\10\Include\10.0.22621.0\shared\minwindef.h(207,9): warning C4005: 'HIBYTE': macro redefinition
  (compiling source file 'src/bgame/bg_jump.cpp')
      C:\Users\M1911\source\repos\KisakCOD\KisakCOD\src\universal\q_shared.h(307,9):
      see previous definition of 'HIBYTE'
  
C:\Users\M1911\source\repos\KisakCOD\KisakCOD\src\gfx_d3d\r_material.h(169,29): warning C4359: 'MaterialInfo': Alignment specifier is less than actual alignment (8), and will be ignored.
  (compiling source file 'src/bgame/bg_jump.cpp')
  
C:\Users\M1911\source\repos\KisakCOD\KisakCOD\src\xanim\xanim.h(233,29): warning C4359: 'cbrushside_t': Alignment specifier is less than actual alignment (4), and will be ignored.
  (compiling source file 'src/bgame/bg_jump.cpp')
  
C:\Users\M1911\source\repos\KisakCOD\KisakCOD\src\bgame\bg_local.h(750,29): warning C4359: 'CEntVehicleInfo': Alignment specifier is less than actual alignment (4), and will be ignored.
  (compiling source file 'src/bgame/bg_jump.cpp')
  
C:\Users\M1911\source\repos\KisakCOD\KisakCOD\src\cgame_mp\cg_local_mp.h(30,29): warning C4359: 'usercmd_s': Alignment specifier is less than actual alignment (4), and will be ignored.
  (compiling source file 'src/bgame/bg_jump.cpp')
  
C:\Users\M1911\source\repos\KisakCOD\KisakCOD\src\client_mp\client_mp.h(367,29): warning C4359: 'VoicePacket_t': Alignment specifier is less than actual alignment (4), and will be ignored.
  (compiling source file 'src/bgame/bg_jump.cpp')
  
C:\Users\M1911\source\repos\KisakCOD\KisakCOD\src\bgame\bg_jump.cpp(111,25): warning C4305: '=': truncation from 'double' to 'float'
C:\Users\M1911\source\repos\KisakCOD\KisakCOD\src\bgame\bg_jump.cpp(118,17): warning C4305: '=': truncation from 'double' to 'float'
  bg_mantle.cpp
C:\Users\M1911\source\repos\KisakCOD\KisakCOD\src\universal\q_shared.h(552,29): warning C4359: 'trace_t': Alignment specifier is less than actual alignment (4), and will be ignored.
  (compiling source file 'src/bgame/bg_mantle.cpp')
  
C:\Program Files (x86)\Windows Kits\10\Include\10.0.22621.0\shared\minwindef.h(204,9): warning C4005: 'LOWORD': macro redefinition
  (compiling source file 'src/bgame/bg_mantle.cpp')
      C:\Users\M1911\source\repos\KisakCOD\KisakCOD\src\universal\q_shared.h(305,9):
      see previous definition of 'LOWORD'
  
C:\Program Files (x86)\Windows Kits\10\Include\10.0.22621.0\shared\minwindef.h(205,9): warning C4005: 'HIWORD': macro redefinition
  (compiling source file 'src/bgame/bg_mantle.cpp')
      C:\Users\M1911\source\repos\KisakCOD\KisakCOD\src\universal\q_shared.h(308,9):
      see previous definition of 'HIWORD'
  
C:\Program Files (x86)\Windows Kits\10\Include\10.0.22621.0\shared\minwindef.h(206,9): warning C4005: 'LOBYTE': macro redefinition
  (compiling source file 'src/bgame/bg_mantle.cpp')
      C:\Users\M1911\source\repos\KisakCOD\KisakCOD\src\universal\q_shared.h(304,9):
      see previous definition of 'LOBYTE'
  
C:\Program Files (x86)\Windows Kits\10\Include\10.0.22621.0\shared\minwindef.h(207,9): warning C4005: 'HIBYTE': macro redefinition
  (compiling source file 'src/bgame/bg_mantle.cpp')
      C:\Users\M1911\source\repos\KisakCOD\KisakCOD\src\universal\q_shared.h(307,9):
      see previous definition of 'HIBYTE'
  
